<?xml version="1.0" encoding="UTF-8"?>
<coverage generated="1776683797">
  <project timestamp="1776683797" name="Clover Coverage">
    <package name="Andr\ChmTideExtractor\Command">
      <file name="/home/andr/Code/php/chm-tide-reader/src/Command/ParseAll.php">
        <class name="Andr\ChmTideExtractor\Command\ParseAll" namespace="Andr\ChmTideExtractor\Command">
          <metrics complexity="5" methods="2" coveredmethods="2" conditionals="0" coveredconditionals="0" statements="23" coveredstatements="23" elements="25" coveredelements="25"/>
        </class>
        <line num="23" type="method" name="__construct" visibility="public" complexity="1" crap="1" count="3"/>
        <line num="27" type="stmt" count="3"/>
        <line num="30" type="method" name="__invoke" visibility="public" complexity="4" crap="4" count="3"/>
        <line num="36" type="stmt" count="3"/>
        <line num="37" type="stmt" count="3"/>
        <line num="38" type="stmt" count="3"/>
        <line num="39" type="stmt" count="3"/>
        <line num="40" type="stmt" count="3"/>
        <line num="41" type="stmt" count="3"/>
        <line num="42" type="stmt" count="3"/>
        <line num="43" type="stmt" count="3"/>
        <line num="44" type="stmt" count="3"/>
        <line num="45" type="stmt" count="1"/>
        <line num="46" type="stmt" count="1"/>
        <line num="48" type="stmt" count="2"/>
        <line num="49" type="stmt" count="2"/>
        <line num="50" type="stmt" count="2"/>
        <line num="51" type="stmt" count="2"/>
        <line num="52" type="stmt" count="2"/>
        <line num="53" type="stmt" count="2"/>
        <line num="54" type="stmt" count="1"/>
        <line num="55" type="stmt" count="1"/>
        <line num="57" type="stmt" count="1"/>
        <line num="59" type="stmt" count="3"/>
        <line num="60" type="stmt" count="3"/>
        <metrics loc="63" ncloc="63" classes="1" methods="2" coveredmethods="2" conditionals="0" coveredconditionals="0" statements="23" coveredstatements="23" elements="25" coveredelements="25"/>
      </file>
      <file name="/home/andr/Code/php/chm-tide-reader/src/Command/ParseOne.php">
        <class name="Andr\ChmTideExtractor\Command\ParseOne" namespace="Andr\ChmTideExtractor\Command">
          <metrics complexity="5" methods="2" coveredmethods="2" conditionals="0" coveredconditionals="0" statements="27" coveredstatements="27" elements="29" coveredelements="29"/>
        </class>
        <line num="24" type="method" name="__construct" visibility="public" complexity="1" crap="1" count="4"/>
        <line num="29" type="stmt" count="4"/>
        <line num="32" type="method" name="__invoke" visibility="public" complexity="4" crap="4" count="4"/>
        <line num="40" type="stmt" count="4"/>
        <line num="42" type="stmt" count="4"/>
        <line num="43" type="stmt" count="1"/>
        <line num="44" type="stmt" count="1"/>
        <line num="45" type="stmt" count="1"/>
        <line num="47" type="stmt" count="3"/>
        <line num="48" type="stmt" count="3"/>
        <line num="49" type="stmt" count="3"/>
        <line num="50" type="stmt" count="3"/>
        <line num="51" type="stmt" count="3"/>
        <line num="52" type="stmt" count="3"/>
        <line num="53" type="stmt" count="3"/>
        <line num="54" type="stmt" count="3"/>
        <line num="55" type="stmt" count="1"/>
        <line num="56" type="stmt" count="1"/>
        <line num="58" type="stmt" count="2"/>
        <line num="59" type="stmt" count="2"/>
        <line num="60" type="stmt" count="2"/>
        <line num="61" type="stmt" count="2"/>
        <line num="62" type="stmt" count="2"/>
        <line num="63" type="stmt" count="2"/>
        <line num="64" type="stmt" count="1"/>
        <line num="65" type="stmt" count="1"/>
        <line num="67" type="stmt" count="1"/>
        <line num="68" type="stmt" count="1"/>
        <line num="69" type="stmt" count="1"/>
        <metrics loc="72" ncloc="72" classes="1" methods="2" coveredmethods="2" conditionals="0" coveredconditionals="0" statements="27" coveredstatements="27" elements="29" coveredelements="29"/>
      </file>
    </package>
    <package name="Andr\ChmTideExtractor\Domain">
      <file name="/home/andr/Code/php/chm-tide-reader/src/Domain/Location.php">
        <class name="Andr\ChmTideExtractor\Domain\Location" namespace="Andr\ChmTideExtractor\Domain">
          <metrics complexity="6" methods="2" coveredmethods="2" conditionals="0" coveredconditionals="0" statements="6" coveredstatements="6" elements="8" coveredelements="8"/>
        </class>
        <line num="18" type="method" name="__construct" visibility="public" complexity="5" crap="5" count="36"/>
        <line num="20" type="stmt" count="36"/>
        <line num="21" type="stmt" count="36"/>
        <line num="22" type="stmt" count="4"/>
        <line num="24" type="stmt" count="36"/>
        <line num="25" type="stmt" count="4"/>
        <line num="29" type="method" name="isFilled" visibility="public" complexity="1" crap="1" count="5"/>
        <line num="31" type="stmt" count="5"/>
        <metrics loc="34" ncloc="34" classes="1" methods="2" coveredmethods="2" conditionals="0" coveredconditionals="0" statements="6" coveredstatements="6" elements="8" coveredelements="8"/>
      </file>
      <file name="/home/andr/Code/php/chm-tide-reader/src/Domain/Tide.php">
        <class name="Andr\ChmTideExtractor\Domain\Tide" namespace="Andr\ChmTideExtractor\Domain">
          <metrics complexity="1" methods="1" coveredmethods="1" conditionals="0" coveredconditionals="0" statements="1" coveredstatements="1" elements="2" coveredelements="2"/>
        </class>
        <line num="10" type="method" name="__construct" visibility="public" complexity="1" crap="1" count="9"/>
        <line num="15" type="stmt" count="9"/>
        <metrics loc="17" ncloc="17" classes="1" methods="1" coveredmethods="1" conditionals="0" coveredconditionals="0" statements="1" coveredstatements="1" elements="2" coveredelements="2"/>
      </file>
    </package>
    <package name="Andr\ChmTideExtractor\Domain\Location">
      <file name="/home/andr/Code/php/chm-tide-reader/src/Domain/Location/Point.php">
        <class name="Andr\ChmTideExtractor\Domain\Location\Point" namespace="Andr\ChmTideExtractor\Domain\Location">
          <metrics complexity="8" methods="5" coveredmethods="4" conditionals="0" coveredconditionals="0" statements="21" coveredstatements="20" elements="26" coveredelements="24"/>
        </class>
        <line num="7" type="method" name="__construct" visibility="public" complexity="1" crap="1" count="18"/>
        <line num="10" type="stmt" count="18"/>
        <line num="12" type="method" name="__toString" visibility="public" complexity="1" crap="1" count="9"/>
        <line num="14" type="stmt" count="9"/>
        <line num="17" type="method" name="DMS2Decimal" visibility="public" complexity="4" crap="4.02" count="10"/>
        <line num="19" type="stmt" count="10"/>
        <line num="20" type="stmt" count="0"/>
        <line num="22" type="stmt" count="10"/>
        <line num="23" type="stmt" count="10"/>
        <line num="24" type="stmt" count="10"/>
        <line num="25" type="stmt" count="10"/>
        <line num="26" type="stmt" count="10"/>
        <line num="27" type="stmt" count="10"/>
        <line num="28" type="stmt" count="8"/>
        <line num="30" type="stmt" count="10"/>
        <line num="33" type="method" name="fromDMS" visibility="public" complexity="1" crap="1" count="5"/>
        <line num="35" type="stmt" count="5"/>
        <line num="36" type="stmt" count="5"/>
        <line num="37" type="stmt" count="5"/>
        <line num="38" type="stmt" count="5"/>
        <line num="41" type="method" name="fromWKT" visibility="public" complexity="1" crap="1" count="5"/>
        <line num="43" type="stmt" count="5"/>
        <line num="44" type="stmt" count="5"/>
        <line num="45" type="stmt" count="5"/>
        <line num="46" type="stmt" count="5"/>
        <line num="47" type="stmt" count="5"/>
        <metrics loc="50" ncloc="50" classes="1" methods="5" coveredmethods="4" conditionals="0" coveredconditionals="0" statements="21" coveredstatements="20" elements="26" coveredelements="24"/>
      </file>
    </package>
    <package name="Andr\ChmTideExtractor\Domain\Tide">
      <file name="/home/andr/Code/php/chm-tide-reader/src/Domain/Tide/Collection.php">
        <class name="Andr\ChmTideExtractor\Domain\Tide\Collection" namespace="Andr\ChmTideExtractor\Domain\Tide">
          <metrics complexity="4" methods="4" coveredmethods="4" conditionals="0" coveredconditionals="0" statements="4" coveredstatements="4" elements="8" coveredelements="8"/>
        </class>
        <line num="14" type="method" name="__construct" visibility="public" complexity="1" crap="1" count="36"/>
        <line num="16" type="stmt" count="36"/>
        <line num="19" type="method" name="getIterator" visibility="public" complexity="1" crap="1" count="6"/>
        <line num="21" type="stmt" count="6"/>
        <line num="24" type="method" name="count" visibility="public" complexity="1" crap="1" count="8"/>
        <line num="26" type="stmt" count="8"/>
        <line num="30" type="method" name="add" visibility="public" complexity="1" crap="1" count="3"/>
        <line num="32" type="stmt" count="3"/>
        <metrics loc="35" ncloc="29" classes="1" methods="4" coveredmethods="4" conditionals="0" coveredconditionals="0" statements="4" coveredstatements="4" elements="8" coveredelements="8"/>
      </file>
      <file name="/home/andr/Code/php/chm-tide-reader/src/Domain/Tide/Type.php">
        <class name="Andr\ChmTideExtractor\Domain\Tide\Type" namespace="Andr\ChmTideExtractor\Domain\Tide">
          <metrics complexity="2" methods="1" coveredmethods="1" conditionals="0" coveredconditionals="0" statements="1" coveredstatements="1" elements="2" coveredelements="2"/>
        </class>
        <line num="10" type="method" name="determine" visibility="public" complexity="2" crap="2" count="5"/>
        <line num="12" type="stmt" count="5"/>
        <metrics loc="15" ncloc="15" classes="1" methods="1" coveredmethods="1" conditionals="0" coveredconditionals="0" statements="1" coveredstatements="1" elements="2" coveredelements="2"/>
      </file>
    </package>
    <package name="Andr\ChmTideExtractor\Foundation">
      <file name="/home/andr/Code/php/chm-tide-reader/src/Foundation/Configuration.php">
        <class name="Andr\ChmTideExtractor\Foundation\Configuration" namespace="Andr\ChmTideExtractor\Foundation">
          <metrics complexity="1" methods="1" coveredmethods="1" conditionals="0" coveredconditionals="0" statements="1" coveredstatements="1" elements="2" coveredelements="2"/>
        </class>
        <line num="10" type="method" name="__construct" visibility="public" complexity="1" crap="1" count="11"/>
        <line num="14" type="stmt" count="11"/>
        <metrics loc="17" ncloc="17" classes="1" methods="1" coveredmethods="1" conditionals="0" coveredconditionals="0" statements="1" coveredstatements="1" elements="2" coveredelements="2"/>
      </file>
      <file name="/home/andr/Code/php/chm-tide-reader/src/Foundation/Month.php">
        <class name="Andr\ChmTideExtractor\Foundation\Month" namespace="Andr\ChmTideExtractor\Foundation">
          <metrics complexity="14" methods="1" coveredmethods="1" conditionals="0" coveredconditionals="0" statements="15" coveredstatements="15" elements="16" coveredelements="16"/>
        </class>
        <line num="20" type="method" name="get" visibility="public" complexity="14" crap="14" count="23"/>
        <line num="22" type="stmt" count="23"/>
        <line num="23" type="stmt" count="5"/>
        <line num="24" type="stmt" count="1"/>
        <line num="25" type="stmt" count="2"/>
        <line num="26" type="stmt" count="1"/>
        <line num="27" type="stmt" count="1"/>
        <line num="28" type="stmt" count="1"/>
        <line num="29" type="stmt" count="1"/>
        <line num="30" type="stmt" count="1"/>
        <line num="31" type="stmt" count="1"/>
        <line num="32" type="stmt" count="1"/>
        <line num="33" type="stmt" count="1"/>
        <line num="34" type="stmt" count="1"/>
        <line num="35" type="stmt" count="23"/>
        <line num="36" type="stmt" count="23"/>
        <metrics loc="39" ncloc="39" classes="1" methods="1" coveredmethods="1" conditionals="0" coveredconditionals="0" statements="15" coveredstatements="15" elements="16" coveredelements="16"/>
      </file>
    </package>
    <package name="Andr\ChmTideExtractor\Repository">
      <file name="/home/andr/Code/php/chm-tide-reader/src/Repository/Location.php">
        <class name="Andr\ChmTideExtractor\Repository\Location" namespace="Andr\ChmTideExtractor\Repository">
          <metrics complexity="9" methods="5" coveredmethods="3" conditionals="0" coveredconditionals="0" statements="44" coveredstatements="42" elements="49" coveredelements="45"/>
        </class>
        <line num="11" type="method" name="__construct" visibility="public" complexity="1" crap="1" count="8"/>
        <line num="13" type="stmt" count="8"/>
        <line num="15" type="method" name="findByMarineId" visibility="public" complexity="2" crap="2" count="8"/>
        <line num="17" type="stmt" count="8"/>
        <line num="18" type="stmt" count="8"/>
        <line num="25" type="stmt" count="8"/>
        <line num="26" type="stmt" count="8"/>
        <line num="27" type="stmt" count="8"/>
        <line num="28" type="stmt" count="8"/>
        <line num="29" type="stmt" count="8"/>
        <line num="32" type="method" name="insert" visibility="public" complexity="2" crap="2.00" count="8"/>
        <line num="34" type="stmt" count="8"/>
        <line num="35" type="stmt" count="8"/>
        <line num="37" type="stmt" count="8"/>
        <line num="38" type="stmt" count="8"/>
        <line num="39" type="stmt" count="8"/>
        <line num="40" type="stmt" count="8"/>
        <line num="41" type="stmt" count="8"/>
        <line num="42" type="stmt" count="8"/>
        <line num="43" type="stmt" count="8"/>
        <line num="44" type="stmt" count="8"/>
        <line num="45" type="stmt" count="8"/>
        <line num="46" type="stmt" count="8"/>
        <line num="47" type="stmt" count="0"/>
        <line num="49" type="stmt" count="8"/>
        <line num="50" type="stmt" count="8"/>
        <line num="51" type="stmt" count="8"/>
        <line num="54" type="method" name="update" visibility="public" complexity="2" crap="2.00" count="2"/>
        <line num="56" type="stmt" count="2"/>
        <line num="57" type="stmt" count="2"/>
        <line num="63" type="stmt" count="2"/>
        <line num="64" type="stmt" count="2"/>
        <line num="65" type="stmt" count="2"/>
        <line num="66" type="stmt" count="2"/>
        <line num="67" type="stmt" count="2"/>
        <line num="68" type="stmt" count="2"/>
        <line num="69" type="stmt" count="2"/>
        <line num="70" type="stmt" count="2"/>
        <line num="71" type="stmt" count="2"/>
        <line num="72" type="stmt" count="2"/>
        <line num="73" type="stmt" count="2"/>
        <line num="74" type="stmt" count="0"/>
        <line num="76" type="stmt" count="2"/>
        <line num="79" type="method" name="save" visibility="public" complexity="2" crap="2" count="6"/>
        <line num="81" type="stmt" count="6"/>
        <line num="82" type="stmt" count="6"/>
        <line num="83" type="stmt" count="1"/>
        <line num="84" type="stmt" count="1"/>
        <line num="86" type="stmt" count="6"/>
        <metrics loc="89" ncloc="89" classes="1" methods="5" coveredmethods="3" conditionals="0" coveredconditionals="0" statements="44" coveredstatements="42" elements="49" coveredelements="45"/>
      </file>
      <file name="/home/andr/Code/php/chm-tide-reader/src/Repository/Tide.php">
        <class name="Andr\ChmTideExtractor\Repository\Tide" namespace="Andr\ChmTideExtractor\Repository">
          <metrics complexity="9" methods="3" coveredmethods="2" conditionals="0" coveredconditionals="0" statements="32" coveredstatements="30" elements="35" coveredelements="32"/>
        </class>
        <line num="10" type="method" name="__construct" visibility="public" complexity="1" crap="1" count="5"/>
        <line num="12" type="method" name="save" visibility="public" complexity="1" crap="1" count="2"/>
        <line num="14" type="stmt" count="2"/>
        <line num="15" type="stmt" count="2"/>
        <line num="16" type="stmt" count="2"/>
        <line num="17" type="stmt" count="2"/>
        <line num="18" type="stmt" count="2"/>
        <line num="19" type="stmt" count="2"/>
        <line num="20" type="stmt" count="2"/>
        <line num="21" type="stmt" count="2"/>
        <line num="24" type="method" name="saveCollection" visibility="public" complexity="7" crap="7.03" count="4"/>
        <line num="26" type="stmt" count="4"/>
        <line num="27" type="stmt" count="4"/>
        <line num="28" type="stmt" count="2"/>
        <line num="29" type="stmt" count="2"/>
        <line num="32" type="stmt" count="4"/>
        <line num="34" type="stmt" count="4"/>
        <line num="35" type="stmt" count="4"/>
        <line num="36" type="stmt" count="4"/>
        <line num="37" type="stmt" count="4"/>
        <line num="38" type="stmt" count="4"/>
        <line num="39" type="stmt" count="4"/>
        <line num="40" type="stmt" count="4"/>
        <line num="41" type="stmt" count="4"/>
        <line num="42" type="stmt" count="3"/>
        <line num="43" type="stmt" count="0"/>
        <line num="46" type="stmt" count="3"/>
        <line num="47" type="stmt" count="3"/>
        <line num="49" type="stmt" count="1"/>
        <line num="50" type="stmt" count="1"/>
        <line num="51" type="stmt" count="1"/>
        <line num="52" type="stmt" count="1"/>
        <line num="54" type="stmt" count="0"/>
        <line num="57" type="stmt" count="3"/>
        <metrics loc="60" ncloc="60" classes="1" methods="3" coveredmethods="2" conditionals="0" coveredconditionals="0" statements="32" coveredstatements="30" elements="35" coveredelements="32"/>
      </file>
    </package>
    <package name="Andr\ChmTideExtractor\Service">
      <file name="/home/andr/Code/php/chm-tide-reader/src/Service/PdfParser.php">
        <class name="Andr\ChmTideExtractor\Service\PdfParser" namespace="Andr\ChmTideExtractor\Service">
          <metrics complexity="11" methods="7" coveredmethods="5" conditionals="0" coveredconditionals="0" statements="31" coveredstatements="29" elements="38" coveredelements="34"/>
        </class>
        <line num="15" type="method" name="__construct" visibility="public" complexity="1" crap="1" count="5"/>
        <line num="17" type="stmt" count="5"/>
        <line num="19" type="method" name="configure" visibility="public" complexity="1" crap="1" count="5"/>
        <line num="21" type="stmt" count="5"/>
        <line num="24" type="method" name="fromCommand" visibility="public" complexity="3" crap="3.07" count="1"/>
        <line num="26" type="stmt" count="1"/>
        <line num="27" type="stmt" count="0"/>
        <line num="29" type="stmt" count="1"/>
        <line num="30" type="stmt" count="1"/>
        <line num="31" type="stmt" count="1"/>
        <line num="36" type="method" name="getListingFiles" visibility="public" complexity="1" crap="1" count="1"/>
        <line num="38" type="stmt" count="1"/>
        <line num="39" type="stmt" count="1"/>
        <line num="40" type="stmt" count="1"/>
        <line num="41" type="stmt" count="1"/>
        <line num="42" type="stmt" count="1"/>
        <line num="43" type="stmt" count="1"/>
        <line num="44" type="stmt" count="1"/>
        <line num="51" type="method" name="processFiles" visibility="public" complexity="2" crap="2.02" count="1"/>
        <line num="53" type="stmt" count="1"/>
        <line num="54" type="stmt" count="0"/>
        <line num="56" type="stmt" count="1"/>
        <line num="57" type="stmt" count="1"/>
        <line num="58" type="stmt" count="1"/>
        <line num="59" type="stmt" count="1"/>
        <line num="62" type="method" name="processFile" visibility="public" complexity="2" crap="2" count="1"/>
        <line num="64" type="stmt" count="1"/>
        <line num="65" type="stmt" count="1"/>
        <line num="66" type="stmt" count="1"/>
        <line num="67" type="stmt" count="1"/>
        <line num="68" type="stmt" count="1"/>
        <line num="70" type="stmt" count="1"/>
        <line num="74" type="method" name="extractMarineLocationIdFromFilename" visibility="public" complexity="1" crap="1" count="2"/>
        <line num="76" type="stmt" count="2"/>
        <line num="77" type="stmt" count="2"/>
        <line num="78" type="stmt" count="2"/>
        <line num="79" type="stmt" count="2"/>
        <line num="80" type="stmt" count="2"/>
        <metrics loc="83" ncloc="78" classes="1" methods="7" coveredmethods="5" conditionals="0" coveredconditionals="0" statements="31" coveredstatements="29" elements="38" coveredelements="34"/>
      </file>
      <file name="/home/andr/Code/php/chm-tide-reader/src/Service/TideStore.php">
        <class name="Andr\ChmTideExtractor\Service\TideStore" namespace="Andr\ChmTideExtractor\Service">
          <metrics complexity="3" methods="3" coveredmethods="3" conditionals="0" coveredconditionals="0" statements="3" coveredstatements="3" elements="6" coveredelements="6"/>
        </class>
        <line num="11" type="method" name="__construct" visibility="public" complexity="1" crap="1" count="2"/>
        <line num="14" type="stmt" count="2"/>
        <line num="16" type="method" name="saveLocation" visibility="public" complexity="1" crap="1" count="1"/>
        <line num="18" type="stmt" count="1"/>
        <line num="21" type="method" name="saveLocationTides" visibility="public" complexity="1" crap="1" count="1"/>
        <line num="23" type="stmt" count="1"/>
        <metrics loc="26" ncloc="26" classes="1" methods="3" coveredmethods="3" conditionals="0" coveredconditionals="0" statements="3" coveredstatements="3" elements="6" coveredelements="6"/>
      </file>
    </package>
    <package name="Andr\ChmTideExtractor\Service\PdfParser">
      <file name="/home/andr/Code/php/chm-tide-reader/src/Service/PdfParser/LocationExtractor.php">
        <class name="Andr\ChmTideExtractor\Service\PdfParser\LocationExtractor" namespace="Andr\ChmTideExtractor\Service\PdfParser">
          <metrics complexity="10" methods="6" coveredmethods="5" conditionals="0" coveredconditionals="0" statements="22" coveredstatements="21" elements="28" coveredelements="26"/>
        </class>
        <line num="11" type="method" name="__construct" visibility="public" complexity="1" crap="1" count="5"/>
        <line num="14" type="stmt" count="5"/>
        <line num="16" type="method" name="fillLocation" visibility="public" complexity="1" crap="1" count="5"/>
        <line num="18" type="stmt" count="5"/>
        <line num="19" type="stmt" count="5"/>
        <line num="20" type="stmt" count="5"/>
        <line num="21" type="stmt" count="5"/>
        <line num="22" type="stmt" count="5"/>
        <line num="25" type="method" name="extractLatitudeFromPageArray" visibility="public" complexity="2" crap="2.15" count="5"/>
        <line num="27" type="stmt" count="5"/>
        <line num="28" type="stmt" count="0"/>
        <line num="30" type="stmt" count="5"/>
        <line num="33" type="method" name="extractLongitudeFromPageArray" visibility="public" complexity="2" crap="2" count="5"/>
        <line num="35" type="stmt" count="5"/>
        <line num="36" type="stmt" count="5"/>
        <line num="38" type="stmt" count="5"/>
        <line num="41" type="method" name="extractTimeZoneFromPageArray" visibility="public" complexity="2" crap="2" count="5"/>
        <line num="43" type="stmt" count="5"/>
        <line num="44" type="stmt" count="5"/>
        <line num="46" type="stmt" count="5"/>
        <line num="47" type="stmt" count="5"/>
        <line num="48" type="stmt" count="5"/>
        <line num="51" type="method" name="extractMeanSeaLevelFromPageArray" visibility="public" complexity="2" crap="2" count="5"/>
        <line num="53" type="stmt" count="5"/>
        <line num="54" type="stmt" count="5"/>
        <line num="56" type="stmt" count="5"/>
        <line num="57" type="stmt" count="5"/>
        <line num="58" type="stmt" count="5"/>
        <metrics loc="61" ncloc="60" classes="1" methods="6" coveredmethods="5" conditionals="0" coveredconditionals="0" statements="22" coveredstatements="21" elements="28" coveredelements="26"/>
      </file>
      <file name="/home/andr/Code/php/chm-tide-reader/src/Service/PdfParser/PageProcessor.php">
        <class name="Andr\ChmTideExtractor\Service\PdfParser\PageProcessor" namespace="Andr\ChmTideExtractor\Service\PdfParser">
          <metrics complexity="19" methods="5" coveredmethods="5" conditionals="0" coveredconditionals="0" statements="32" coveredstatements="32" elements="37" coveredelements="37"/>
        </class>
        <line num="19" type="method" name="__construct" visibility="public" complexity="1" crap="1" count="12"/>
        <line num="23" type="stmt" count="12"/>
        <line num="25" type="method" name="process" visibility="public" complexity="4" crap="4" count="4"/>
        <line num="27" type="stmt" count="4"/>
        <line num="28" type="stmt" count="4"/>
        <line num="29" type="stmt" count="4"/>
        <line num="30" type="stmt" count="4"/>
        <line num="32" type="stmt" count="4"/>
        <line num="33" type="stmt" count="4"/>
        <line num="34" type="stmt" count="3"/>
        <line num="37" type="stmt" count="4"/>
        <line num="38" type="stmt" count="4"/>
        <line num="40" type="stmt" count="4"/>
        <line num="43" type="method" name="discoverType" visibility="public" complexity="9" crap="9" count="10"/>
        <line num="46" type="stmt" count="10"/>
        <line num="47" type="stmt" count="9"/>
        <line num="48" type="stmt" count="8"/>
        <line num="49" type="stmt" count="7"/>
        <line num="50" type="stmt" count="6"/>
        <line num="51" type="stmt" count="10"/>
        <line num="56" type="method" name="fillLocation" visibility="public" complexity="2" crap="2" count="4"/>
        <line num="58" type="stmt" count="4"/>
        <line num="59" type="stmt" count="1"/>
        <line num="61" type="stmt" count="3"/>
        <line num="62" type="stmt" count="3"/>
        <line num="66" type="method" name="addTidesOfTheDay" visibility="public" complexity="3" crap="3" count="3"/>
        <line num="68" type="stmt" count="3"/>
        <line num="69" type="stmt" count="3"/>
        <line num="70" type="stmt" count="3"/>
        <line num="71" type="stmt" count="3"/>
        <line num="72" type="stmt" count="3"/>
        <line num="73" type="stmt" count="2"/>
        <line num="74" type="stmt" count="2"/>
        <line num="75" type="stmt" count="2"/>
        <line num="76" type="stmt" count="2"/>
        <line num="77" type="stmt" count="2"/>
        <line num="78" type="stmt" count="2"/>
        <metrics loc="82" ncloc="79" classes="1" methods="5" coveredmethods="5" conditionals="0" coveredconditionals="0" statements="32" coveredstatements="32" elements="37" coveredelements="37"/>
      </file>
    </package>
    <metrics files="15" loc="743" ncloc="728" classes="15" methods="48" coveredmethods="41" conditionals="0" coveredconditionals="0" statements="263" coveredstatements="255" elements="311" coveredelements="296"/>
  </project>
</coverage>
