<?xml version="1.0" encoding="UTF-8"?>
<testsuites>
  <testsuite name="/home/andr/Code/php/chm-tide-reader/phpunit.xml" tests="58" assertions="116" errors="0" failures="0" skipped="0" time="9.161131">
    <testsuite name="Unit" tests="58" assertions="116" errors="0" failures="0" skipped="0" time="9.161131">
      <testsuite name="Andr\ChmTideExtractor\Tests\Domain\Location\PointTest" file="/home/andr/Code/php/chm-tide-reader/tests/Domain/Location/PointTest.php" tests="7" assertions="8" errors="0" failures="0" skipped="0" time="0.021974">
        <testsuite name="Andr\ChmTideExtractor\Tests\Domain\Location\PointTest::testDMS2Decimal" tests="5" assertions="5" errors="0" failures="0" skipped="0" time="0.018976">
          <testcase name="testDMS2Decimal with data set &quot;South Latitude&quot;" file="/home/andr/Code/php/chm-tide-reader/tests/Domain/Location/PointTest.php" line="11" class="Andr\ChmTideExtractor\Tests\Domain\Location\PointTest" classname="Andr.ChmTideExtractor.Tests.Domain.Location.PointTest" assertions="1" time="0.008202"/>
          <testcase name="testDMS2Decimal with data set &quot;North Latitude&quot;" file="/home/andr/Code/php/chm-tide-reader/tests/Domain/Location/PointTest.php" line="11" class="Andr\ChmTideExtractor\Tests\Domain\Location\PointTest" classname="Andr.ChmTideExtractor.Tests.Domain.Location.PointTest" assertions="1" time="0.003370"/>
          <testcase name="testDMS2Decimal with data set &quot;West Longitude&quot;" file="/home/andr/Code/php/chm-tide-reader/tests/Domain/Location/PointTest.php" line="11" class="Andr\ChmTideExtractor\Tests\Domain\Location\PointTest" classname="Andr.ChmTideExtractor.Tests.Domain.Location.PointTest" assertions="1" time="0.001521"/>
          <testcase name="testDMS2Decimal with data set &quot;East Longitude&quot;" file="/home/andr/Code/php/chm-tide-reader/tests/Domain/Location/PointTest.php" line="11" class="Andr\ChmTideExtractor\Tests\Domain\Location\PointTest" classname="Andr.ChmTideExtractor.Tests.Domain.Location.PointTest" assertions="1" time="0.003451"/>
          <testcase name="testDMS2Decimal with data set &quot;With Seconds and dot&quot;" file="/home/andr/Code/php/chm-tide-reader/tests/Domain/Location/PointTest.php" line="11" class="Andr\ChmTideExtractor\Tests\Domain\Location\PointTest" classname="Andr.ChmTideExtractor.Tests.Domain.Location.PointTest" assertions="1" time="0.002434"/>
        </testsuite>
        <testcase name="testFromWKT" file="/home/andr/Code/php/chm-tide-reader/tests/Domain/Location/PointTest.php" line="27" class="Andr\ChmTideExtractor\Tests\Domain\Location\PointTest" classname="Andr.ChmTideExtractor.Tests.Domain.Location.PointTest" assertions="2" time="0.001394"/>
        <testcase name="testToString" file="/home/andr/Code/php/chm-tide-reader/tests/Domain/Location/PointTest.php" line="36" class="Andr\ChmTideExtractor\Tests\Domain\Location\PointTest" classname="Andr.ChmTideExtractor.Tests.Domain.Location.PointTest" assertions="1" time="0.001603"/>
      </testsuite>
      <testsuite name="Andr\ChmTideExtractor\Tests\Domain\LocationTest" file="/home/andr/Code/php/chm-tide-reader/tests/Domain/LocationTest.php" tests="2" assertions="7" errors="0" failures="0" skipped="0" time="0.010557">
        <testcase name="testConstructorHydratesPointAndTimezone" file="/home/andr/Code/php/chm-tide-reader/tests/Domain/LocationTest.php" line="12" class="Andr\ChmTideExtractor\Tests\Domain\LocationTest" classname="Andr.ChmTideExtractor.Tests.Domain.LocationTest" assertions="5" time="0.007461"/>
        <testcase name="testIsFilled" file="/home/andr/Code/php/chm-tide-reader/tests/Domain/LocationTest.php" line="31" class="Andr\ChmTideExtractor\Tests\Domain\LocationTest" classname="Andr.ChmTideExtractor.Tests.Domain.LocationTest" assertions="2" time="0.003096"/>
      </testsuite>
      <testsuite name="Andr\ChmTideExtractor\Tests\Domain\Tide\CollectionTest" file="/home/andr/Code/php/chm-tide-reader/tests/Domain/Tide/CollectionTest.php" tests="2" assertions="5" errors="0" failures="0" skipped="0" time="0.009555">
        <testcase name="testAddAndCount" file="/home/andr/Code/php/chm-tide-reader/tests/Domain/Tide/CollectionTest.php" line="14" class="Andr\ChmTideExtractor\Tests\Domain\Tide\CollectionTest" classname="Andr.ChmTideExtractor.Tests.Domain.Tide.CollectionTest" assertions="2" time="0.005332"/>
        <testcase name="testIterator" file="/home/andr/Code/php/chm-tide-reader/tests/Domain/Tide/CollectionTest.php" line="25" class="Andr\ChmTideExtractor\Tests\Domain\Tide\CollectionTest" classname="Andr.ChmTideExtractor.Tests.Domain.Tide.CollectionTest" assertions="3" time="0.004222"/>
      </testsuite>
      <testsuite name="Andr\ChmTideExtractor\Tests\Domain\Tide\TypeTest" file="/home/andr/Code/php/chm-tide-reader/tests/Domain/Tide/TypeTest.php" tests="3" assertions="3" errors="0" failures="0" skipped="0" time="0.007272">
        <testcase name="testDetermineHighTide" file="/home/andr/Code/php/chm-tide-reader/tests/Domain/Tide/TypeTest.php" line="10" class="Andr\ChmTideExtractor\Tests\Domain\Tide\TypeTest" classname="Andr.ChmTideExtractor.Tests.Domain.Tide.TypeTest" assertions="1" time="0.003039"/>
        <testcase name="testDetermineLowTide" file="/home/andr/Code/php/chm-tide-reader/tests/Domain/Tide/TypeTest.php" line="15" class="Andr\ChmTideExtractor\Tests\Domain\Tide\TypeTest" classname="Andr.ChmTideExtractor.Tests.Domain.Tide.TypeTest" assertions="1" time="0.002501"/>
        <testcase name="testDetermineLowTideOnEqual" file="/home/andr/Code/php/chm-tide-reader/tests/Domain/Tide/TypeTest.php" line="20" class="Andr\ChmTideExtractor\Tests\Domain\Tide\TypeTest" classname="Andr.ChmTideExtractor.Tests.Domain.Tide.TypeTest" assertions="1" time="0.001732"/>
      </testsuite>
      <testsuite name="Andr\ChmTideExtractor\Tests\Foundation\MonthTest" file="/home/andr/Code/php/chm-tide-reader/tests/Foundation/MonthTest.php" tests="16" assertions="27" errors="0" failures="0" skipped="0" time="0.039606">
        <testsuite name="Andr\ChmTideExtractor\Tests\Foundation\MonthTest::testGet" tests="15" assertions="15" errors="0" failures="0" skipped="0" time="0.036720">
          <testcase name="testGet with data set &quot;Standard case&quot;" file="/home/andr/Code/php/chm-tide-reader/tests/Foundation/MonthTest.php" line="14" class="Andr\ChmTideExtractor\Tests\Foundation\MonthTest" classname="Andr.ChmTideExtractor.Tests.Foundation.MonthTest" assertions="1" time="0.003142"/>
          <testcase name="testGet with data set &quot;Lowercase&quot;" file="/home/andr/Code/php/chm-tide-reader/tests/Foundation/MonthTest.php" line="14" class="Andr\ChmTideExtractor\Tests\Foundation\MonthTest" classname="Andr.ChmTideExtractor.Tests.Foundation.MonthTest" assertions="1" time="0.002179"/>
          <testcase name="testGet with data set &quot;Uppercase&quot;" file="/home/andr/Code/php/chm-tide-reader/tests/Foundation/MonthTest.php" line="14" class="Andr\ChmTideExtractor\Tests\Foundation\MonthTest" classname="Andr.ChmTideExtractor.Tests.Foundation.MonthTest" assertions="1" time="0.001614"/>
          <testcase name="testGet with data set &quot;Without accent&quot;" file="/home/andr/Code/php/chm-tide-reader/tests/Foundation/MonthTest.php" line="14" class="Andr\ChmTideExtractor\Tests\Foundation\MonthTest" classname="Andr.ChmTideExtractor.Tests.Foundation.MonthTest" assertions="1" time="0.002793"/>
          <testcase name="testGet with data set &quot;Mixed case&quot;" file="/home/andr/Code/php/chm-tide-reader/tests/Foundation/MonthTest.php" line="14" class="Andr\ChmTideExtractor\Tests\Foundation\MonthTest" classname="Andr.ChmTideExtractor.Tests.Foundation.MonthTest" assertions="1" time="0.001919"/>
          <testcase name="testGet with data set &quot;October&quot;" file="/home/andr/Code/php/chm-tide-reader/tests/Foundation/MonthTest.php" line="14" class="Andr\ChmTideExtractor\Tests\Foundation\MonthTest" classname="Andr.ChmTideExtractor.Tests.Foundation.MonthTest" assertions="1" time="0.002380"/>
          <testcase name="testGet with data set &quot;Dezembro standard&quot;" file="/home/andr/Code/php/chm-tide-reader/tests/Foundation/MonthTest.php" line="14" class="Andr\ChmTideExtractor\Tests\Foundation\MonthTest" classname="Andr.ChmTideExtractor.Tests.Foundation.MonthTest" assertions="1" time="0.003469"/>
          <testcase name="testGet with data set &quot;Invalid month&quot;" file="/home/andr/Code/php/chm-tide-reader/tests/Foundation/MonthTest.php" line="14" class="Andr\ChmTideExtractor\Tests\Foundation\MonthTest" classname="Andr.ChmTideExtractor.Tests.Foundation.MonthTest" assertions="1" time="0.002163"/>
          <testcase name="testGet with data set &quot;Empty string&quot;" file="/home/andr/Code/php/chm-tide-reader/tests/Foundation/MonthTest.php" line="14" class="Andr\ChmTideExtractor\Tests\Foundation\MonthTest" classname="Andr.ChmTideExtractor.Tests.Foundation.MonthTest" assertions="1" time="0.002178"/>
          <testcase name="testGet with data set &quot;will get Abril?&quot;" file="/home/andr/Code/php/chm-tide-reader/tests/Foundation/MonthTest.php" line="14" class="Andr\ChmTideExtractor\Tests\Foundation\MonthTest" classname="Andr.ChmTideExtractor.Tests.Foundation.MonthTest" assertions="1" time="0.002056"/>
          <testcase name="testGet with data set &quot;will get Maio?&quot;" file="/home/andr/Code/php/chm-tide-reader/tests/Foundation/MonthTest.php" line="14" class="Andr\ChmTideExtractor\Tests\Foundation\MonthTest" classname="Andr.ChmTideExtractor.Tests.Foundation.MonthTest" assertions="1" time="0.002628"/>
          <testcase name="testGet with data set &quot;will get Junho?&quot;" file="/home/andr/Code/php/chm-tide-reader/tests/Foundation/MonthTest.php" line="14" class="Andr\ChmTideExtractor\Tests\Foundation\MonthTest" classname="Andr.ChmTideExtractor.Tests.Foundation.MonthTest" assertions="1" time="0.003405"/>
          <testcase name="testGet with data set &quot;will get Julho?&quot;" file="/home/andr/Code/php/chm-tide-reader/tests/Foundation/MonthTest.php" line="14" class="Andr\ChmTideExtractor\Tests\Foundation\MonthTest" classname="Andr.ChmTideExtractor.Tests.Foundation.MonthTest" assertions="1" time="0.002766"/>
          <testcase name="testGet with data set &quot;will get Agosto?&quot;" file="/home/andr/Code/php/chm-tide-reader/tests/Foundation/MonthTest.php" line="14" class="Andr\ChmTideExtractor\Tests\Foundation\MonthTest" classname="Andr.ChmTideExtractor.Tests.Foundation.MonthTest" assertions="1" time="0.001906"/>
          <testcase name="testGet with data set &quot;will get Novembro?&quot;" file="/home/andr/Code/php/chm-tide-reader/tests/Foundation/MonthTest.php" line="14" class="Andr\ChmTideExtractor\Tests\Foundation\MonthTest" classname="Andr.ChmTideExtractor.Tests.Foundation.MonthTest" assertions="1" time="0.002123"/>
        </testsuite>
        <testcase name="testValues" file="/home/andr/Code/php/chm-tide-reader/tests/Foundation/MonthTest.php" line="40" class="Andr\ChmTideExtractor\Tests\Foundation\MonthTest" classname="Andr.ChmTideExtractor.Tests.Foundation.MonthTest" assertions="12" time="0.002886"/>
      </testsuite>
      <testsuite name="Andr\ChmTideExtractor\Tests\Repository\LocationRepositoryTest" file="/home/andr/Code/php/chm-tide-reader/tests/Repository/LocationRepositoryTest.php" tests="3" assertions="11" errors="0" failures="0" skipped="0" time="3.183709">
        <testcase name="testInsertAndFind" file="/home/andr/Code/php/chm-tide-reader/tests/Repository/LocationRepositoryTest.php" line="20" class="Andr\ChmTideExtractor\Tests\Repository\LocationRepositoryTest" classname="Andr.ChmTideExtractor.Tests.Repository.LocationRepositoryTest" assertions="7" time="1.143680"/>
        <testcase name="testUpdate" file="/home/andr/Code/php/chm-tide-reader/tests/Repository/LocationRepositoryTest.php" line="41" class="Andr\ChmTideExtractor\Tests\Repository\LocationRepositoryTest" classname="Andr.ChmTideExtractor.Tests.Repository.LocationRepositoryTest" assertions="2" time="0.800496"/>
        <testcase name="testSaveUpsert" file="/home/andr/Code/php/chm-tide-reader/tests/Repository/LocationRepositoryTest.php" line="60" class="Andr\ChmTideExtractor\Tests\Repository\LocationRepositoryTest" classname="Andr.ChmTideExtractor.Tests.Repository.LocationRepositoryTest" assertions="2" time="1.239532"/>
      </testsuite>
      <testsuite name="Andr\ChmTideExtractor\Tests\Repository\TideRepositoryTest" file="/home/andr/Code/php/chm-tide-reader/tests/Repository/TideRepositoryTest.php" tests="5" assertions="6" errors="0" failures="0" skipped="0" time="5.781711">
        <testcase name="testSave" file="/home/andr/Code/php/chm-tide-reader/tests/Repository/TideRepositoryTest.php" line="38" class="Andr\ChmTideExtractor\Tests\Repository\TideRepositoryTest" classname="Andr.ChmTideExtractor.Tests.Repository.TideRepositoryTest" assertions="2" time="1.035085"/>
        <testcase name="testSaveCollection" file="/home/andr/Code/php/chm-tide-reader/tests/Repository/TideRepositoryTest.php" line="56" class="Andr\ChmTideExtractor\Tests\Repository\TideRepositoryTest" classname="Andr.ChmTideExtractor.Tests.Repository.TideRepositoryTest" assertions="1" time="1.098181">
          <system-out>    Saving 2 tide data: .. Done!
</system-out>
        </testcase>
        <testcase name="testSaveCollectionOnConflict" file="/home/andr/Code/php/chm-tide-reader/tests/Repository/TideRepositoryTest.php" line="69" class="Andr\ChmTideExtractor\Tests\Repository\TideRepositoryTest" classname="Andr.ChmTideExtractor.Tests.Repository.TideRepositoryTest" assertions="1" time="1.253703">
          <system-out>    Saving 1 tide data: . Done!
</system-out>
        </testcase>
        <testcase name="testSaveCollectionWithoutPreExistingTransaction" file="/home/andr/Code/php/chm-tide-reader/tests/Repository/TideRepositoryTest.php" line="89" class="Andr\ChmTideExtractor\Tests\Repository\TideRepositoryTest" classname="Andr.ChmTideExtractor.Tests.Repository.TideRepositoryTest" assertions="1" time="1.321826">
          <system-out>    Saving 1 tide data: . Done!
</system-out>
        </testcase>
        <testcase name="testSaveCollectionWithException" file="/home/andr/Code/php/chm-tide-reader/tests/Repository/TideRepositoryTest.php" line="109" class="Andr\ChmTideExtractor\Tests\Repository\TideRepositoryTest" classname="Andr.ChmTideExtractor.Tests.Repository.TideRepositoryTest" assertions="1" time="1.072916">
          <system-out>    Saving 1 tide data: </system-out>
        </testcase>
      </testsuite>
      <testsuite name="Andr\ChmTideExtractor\Tests\Service\PdfParser\LocationExtractorTest" file="/home/andr/Code/php/chm-tide-reader/tests/Service/PdfParser/LocationExtractorTest.php" tests="2" assertions="9" errors="0" failures="0" skipped="0" time="0.005490">
        <testcase name="testExtract" file="/home/andr/Code/php/chm-tide-reader/tests/Service/PdfParser/LocationExtractorTest.php" line="10" class="Andr\ChmTideExtractor\Tests\Service\PdfParser\LocationExtractorTest" classname="Andr.ChmTideExtractor.Tests.Service.PdfParser.LocationExtractorTest" assertions="5" time="0.003008"/>
        <testcase name="testExtractWithSkips" file="/home/andr/Code/php/chm-tide-reader/tests/Service/PdfParser/LocationExtractorTest.php" line="30" class="Andr\ChmTideExtractor\Tests\Service\PdfParser\LocationExtractorTest" classname="Andr.ChmTideExtractor.Tests.Service.PdfParser.LocationExtractorTest" assertions="4" time="0.002482"/>
      </testsuite>
      <testsuite name="Andr\ChmTideExtractor\Tests\Service\PdfParserTest" file="/home/andr/Code/php/chm-tide-reader/tests/Service/PdfParserTest.php" tests="16" assertions="34" errors="0" failures="0" skipped="0" time="0.091574">
        <testcase name="testExtractMarineLocationIdFromFilename" file="/home/andr/Code/php/chm-tide-reader/tests/Service/PdfParserTest.php" line="28" class="Andr\ChmTideExtractor\Tests\Service\PdfParserTest" classname="Andr.ChmTideExtractor.Tests.Service.PdfParserTest" assertions="1" time="0.013543"/>
        <testsuite name="Andr\ChmTideExtractor\Tests\Service\PdfParserTest::testDiscoverType" tests="6" assertions="8" errors="0" failures="0" skipped="0" time="0.027134">
          <testcase name="testDiscoverType with data set &quot;Location header&quot;" file="/home/andr/Code/php/chm-tide-reader/tests/Service/PdfParserTest.php" line="36" class="Andr\ChmTideExtractor\Tests\Service\PdfParserTest" classname="Andr.ChmTideExtractor.Tests.Service.PdfParserTest" assertions="2" time="0.002838"/>
          <testcase name="testDiscoverType with data set &quot;Latitude&quot;" file="/home/andr/Code/php/chm-tide-reader/tests/Service/PdfParserTest.php" line="36" class="Andr\ChmTideExtractor\Tests\Service\PdfParserTest" classname="Andr.ChmTideExtractor.Tests.Service.PdfParserTest" assertions="1" time="0.002491"/>
          <testcase name="testDiscoverType with data set &quot;Month&quot;" file="/home/andr/Code/php/chm-tide-reader/tests/Service/PdfParserTest.php" line="36" class="Andr\ChmTideExtractor\Tests\Service\PdfParserTest" classname="Andr.ChmTideExtractor.Tests.Service.PdfParserTest" assertions="1" time="0.007644"/>
          <testcase name="testDiscoverType with data set &quot;Tide data&quot;" file="/home/andr/Code/php/chm-tide-reader/tests/Service/PdfParserTest.php" line="36" class="Andr\ChmTideExtractor\Tests\Service\PdfParserTest" classname="Andr.ChmTideExtractor.Tests.Service.PdfParserTest" assertions="2" time="0.003615"/>
          <testcase name="testDiscoverType with data set &quot;Time Tide&quot;" file="/home/andr/Code/php/chm-tide-reader/tests/Service/PdfParserTest.php" line="36" class="Andr\ChmTideExtractor\Tests\Service\PdfParserTest" classname="Andr.ChmTideExtractor.Tests.Service.PdfParserTest" assertions="1" time="0.002509"/>
          <testcase name="testDiscoverType with data set &quot;Unknown&quot;" file="/home/andr/Code/php/chm-tide-reader/tests/Service/PdfParserTest.php" line="36" class="Andr\ChmTideExtractor\Tests\Service\PdfParserTest" classname="Andr.ChmTideExtractor.Tests.Service.PdfParserTest" assertions="1" time="0.008036"/>
        </testsuite>
        <testcase name="testFillLocation" file="/home/andr/Code/php/chm-tide-reader/tests/Service/PdfParserTest.php" line="60" class="Andr\ChmTideExtractor\Tests\Service\PdfParserTest" classname="Andr.ChmTideExtractor.Tests.Service.PdfParserTest" assertions="4" time="0.002916"/>
        <testcase name="testAddTidesOfTheDay" file="/home/andr/Code/php/chm-tide-reader/tests/Service/PdfParserTest.php" line="79" class="Andr\ChmTideExtractor\Tests\Service\PdfParserTest" classname="Andr.ChmTideExtractor.Tests.Service.PdfParserTest" assertions="4" time="0.003134"/>
        <testcase name="testParsePage" file="/home/andr/Code/php/chm-tide-reader/tests/Service/PdfParserTest.php" line="106" class="Andr\ChmTideExtractor\Tests\Service\PdfParserTest" classname="Andr.ChmTideExtractor.Tests.Service.PdfParserTest" assertions="2" time="0.016278"/>
        <testcase name="testGetListingFiles" file="/home/andr/Code/php/chm-tide-reader/tests/Service/PdfParserTest.php" line="128" class="Andr\ChmTideExtractor\Tests\Service\PdfParserTest" classname="Andr.ChmTideExtractor.Tests.Service.PdfParserTest" assertions="2" time="0.003067"/>
        <testcase name="testProcessFiles" file="/home/andr/Code/php/chm-tide-reader/tests/Service/PdfParserTest.php" line="150" class="Andr\ChmTideExtractor\Tests\Service\PdfParserTest" classname="Andr.ChmTideExtractor.Tests.Service.PdfParserTest" assertions="4" time="0.005287"/>
        <testcase name="testInvoke" file="/home/andr/Code/php/chm-tide-reader/tests/Service/PdfParserTest.php" line="173" class="Andr\ChmTideExtractor\Tests\Service\PdfParserTest" classname="Andr.ChmTideExtractor.Tests.Service.PdfParserTest" assertions="4" time="0.004061"/>
        <testcase name="testProcessFile" file="/home/andr/Code/php/chm-tide-reader/tests/Service/PdfParserTest.php" line="188" class="Andr\ChmTideExtractor\Tests\Service\PdfParserTest" classname="Andr.ChmTideExtractor.Tests.Service.PdfParserTest" assertions="3" time="0.008624">
          <system-out>&gt; Parsing: 123-Porto.pdf
    PORTO DE TESTE saved.

</system-out>
        </testcase>
        <testcase name="testFillLocationAlreadyFilled" file="/home/andr/Code/php/chm-tide-reader/tests/Service/PdfParserTest.php" line="209" class="Andr\ChmTideExtractor\Tests\Service\PdfParserTest" classname="Andr.ChmTideExtractor.Tests.Service.PdfParserTest" assertions="1" time="0.005129"/>
        <testcase name="testAddTidesOfTheDayNoMatch" file="/home/andr/Code/php/chm-tide-reader/tests/Service/PdfParserTest.php" line="230" class="Andr\ChmTideExtractor\Tests\Service\PdfParserTest" classname="Andr.ChmTideExtractor.Tests.Service.PdfParserTest" assertions="1" time="0.002402"/>
      </testsuite>
      <testsuite name="Andr\ChmTideExtractor\Tests\Service\TideStoreTest" file="/home/andr/Code/php/chm-tide-reader/tests/Service/TideStoreTest.php" tests="2" assertions="6" errors="0" failures="0" skipped="0" time="0.009684">
        <testcase name="testSaveLocation" file="/home/andr/Code/php/chm-tide-reader/tests/Service/TideStoreTest.php" line="25" class="Andr\ChmTideExtractor\Tests\Service\TideStoreTest" classname="Andr.ChmTideExtractor.Tests.Service.TideStoreTest" assertions="4" time="0.007112"/>
        <testcase name="testSaveLocations" file="/home/andr/Code/php/chm-tide-reader/tests/Service/TideStoreTest.php" line="41" class="Andr\ChmTideExtractor\Tests\Service\TideStoreTest" classname="Andr.ChmTideExtractor.Tests.Service.TideStoreTest" assertions="2" time="0.002572"/>
      </testsuite>
    </testsuite>
  </testsuite>
</testsuites>
