<?xml version="1.0" encoding="UTF-8"?>
<testsuites>
  <testsuite name="/home/andr/Code/php/chm-tide-reader/phpunit.xml" tests="58" assertions="116" errors="0" failures="0" skipped="0" time="9.755452">
    <testsuite name="Unit" tests="58" assertions="116" errors="0" failures="0" skipped="0" time="9.755452">
      <testsuite name="Andr\ChmTideExtractor\Tests\Domain\Location\PointTest" file="/home/andr/Code/php/chm-tide-reader/tests/Domain/Location/PointTest.php" tests="7" assertions="8" errors="0" failures="0" skipped="0" time="0.066242">
        <testsuite name="Andr\ChmTideExtractor\Tests\Domain\Location\PointTest::testDMS2Decimal" tests="5" assertions="5" errors="0" failures="0" skipped="0" time="0.051840">
          <testcase name="testDMS2Decimal with data set &quot;South Latitude&quot;" file="/home/andr/Code/php/chm-tide-reader/tests/Domain/Location/PointTest.php" line="11" class="Andr\ChmTideExtractor\Tests\Domain\Location\PointTest" classname="Andr.ChmTideExtractor.Tests.Domain.Location.PointTest" assertions="1" time="0.022152"/>
          <testcase name="testDMS2Decimal with data set &quot;North Latitude&quot;" file="/home/andr/Code/php/chm-tide-reader/tests/Domain/Location/PointTest.php" line="11" class="Andr\ChmTideExtractor\Tests\Domain\Location\PointTest" classname="Andr.ChmTideExtractor.Tests.Domain.Location.PointTest" assertions="1" time="0.008276"/>
          <testcase name="testDMS2Decimal with data set &quot;West Longitude&quot;" file="/home/andr/Code/php/chm-tide-reader/tests/Domain/Location/PointTest.php" line="11" class="Andr\ChmTideExtractor\Tests\Domain\Location\PointTest" classname="Andr.ChmTideExtractor.Tests.Domain.Location.PointTest" assertions="1" time="0.006353"/>
          <testcase name="testDMS2Decimal with data set &quot;East Longitude&quot;" file="/home/andr/Code/php/chm-tide-reader/tests/Domain/Location/PointTest.php" line="11" class="Andr\ChmTideExtractor\Tests\Domain\Location\PointTest" classname="Andr.ChmTideExtractor.Tests.Domain.Location.PointTest" assertions="1" time="0.007161"/>
          <testcase name="testDMS2Decimal with data set &quot;With Seconds and dot&quot;" file="/home/andr/Code/php/chm-tide-reader/tests/Domain/Location/PointTest.php" line="11" class="Andr\ChmTideExtractor\Tests\Domain\Location\PointTest" classname="Andr.ChmTideExtractor.Tests.Domain.Location.PointTest" assertions="1" time="0.007899"/>
        </testsuite>
        <testcase name="testFromWKT" file="/home/andr/Code/php/chm-tide-reader/tests/Domain/Location/PointTest.php" line="27" class="Andr\ChmTideExtractor\Tests\Domain\Location\PointTest" classname="Andr.ChmTideExtractor.Tests.Domain.Location.PointTest" assertions="2" time="0.007907"/>
        <testcase name="testToString" file="/home/andr/Code/php/chm-tide-reader/tests/Domain/Location/PointTest.php" line="36" class="Andr\ChmTideExtractor\Tests\Domain\Location\PointTest" classname="Andr.ChmTideExtractor.Tests.Domain.Location.PointTest" assertions="1" time="0.006495"/>
      </testsuite>
      <testsuite name="Andr\ChmTideExtractor\Tests\Domain\LocationTest" file="/home/andr/Code/php/chm-tide-reader/tests/Domain/LocationTest.php" tests="2" assertions="7" errors="0" failures="0" skipped="0" time="0.014405">
        <testcase name="testConstructorHydratesPointAndTimezone" file="/home/andr/Code/php/chm-tide-reader/tests/Domain/LocationTest.php" line="12" class="Andr\ChmTideExtractor\Tests\Domain\LocationTest" classname="Andr.ChmTideExtractor.Tests.Domain.LocationTest" assertions="5" time="0.008315"/>
        <testcase name="testIsFilled" file="/home/andr/Code/php/chm-tide-reader/tests/Domain/LocationTest.php" line="31" class="Andr\ChmTideExtractor\Tests\Domain\LocationTest" classname="Andr.ChmTideExtractor.Tests.Domain.LocationTest" assertions="2" time="0.006090"/>
      </testsuite>
      <testsuite name="Andr\ChmTideExtractor\Tests\Domain\Tide\CollectionTest" file="/home/andr/Code/php/chm-tide-reader/tests/Domain/Tide/CollectionTest.php" tests="2" assertions="5" errors="0" failures="0" skipped="0" time="0.015844">
        <testcase name="testAddAndCount" file="/home/andr/Code/php/chm-tide-reader/tests/Domain/Tide/CollectionTest.php" line="14" class="Andr\ChmTideExtractor\Tests\Domain\Tide\CollectionTest" classname="Andr.ChmTideExtractor.Tests.Domain.Tide.CollectionTest" assertions="2" time="0.008896"/>
        <testcase name="testIterator" file="/home/andr/Code/php/chm-tide-reader/tests/Domain/Tide/CollectionTest.php" line="25" class="Andr\ChmTideExtractor\Tests\Domain\Tide\CollectionTest" classname="Andr.ChmTideExtractor.Tests.Domain.Tide.CollectionTest" assertions="3" time="0.006948"/>
      </testsuite>
      <testsuite name="Andr\ChmTideExtractor\Tests\Domain\Tide\TypeTest" file="/home/andr/Code/php/chm-tide-reader/tests/Domain/Tide/TypeTest.php" tests="3" assertions="3" errors="0" failures="0" skipped="0" time="0.019371">
        <testcase name="testDetermineHighTide" file="/home/andr/Code/php/chm-tide-reader/tests/Domain/Tide/TypeTest.php" line="10" class="Andr\ChmTideExtractor\Tests\Domain\Tide\TypeTest" classname="Andr.ChmTideExtractor.Tests.Domain.Tide.TypeTest" assertions="1" time="0.005878"/>
        <testcase name="testDetermineLowTide" file="/home/andr/Code/php/chm-tide-reader/tests/Domain/Tide/TypeTest.php" line="15" class="Andr\ChmTideExtractor\Tests\Domain\Tide\TypeTest" classname="Andr.ChmTideExtractor.Tests.Domain.Tide.TypeTest" assertions="1" time="0.006769"/>
        <testcase name="testDetermineLowTideOnEqual" file="/home/andr/Code/php/chm-tide-reader/tests/Domain/Tide/TypeTest.php" line="20" class="Andr\ChmTideExtractor\Tests\Domain\Tide\TypeTest" classname="Andr.ChmTideExtractor.Tests.Domain.Tide.TypeTest" assertions="1" time="0.006724"/>
      </testsuite>
      <testsuite name="Andr\ChmTideExtractor\Tests\Foundation\MonthTest" file="/home/andr/Code/php/chm-tide-reader/tests/Foundation/MonthTest.php" tests="16" assertions="27" errors="0" failures="0" skipped="0" time="0.111882">
        <testsuite name="Andr\ChmTideExtractor\Tests\Foundation\MonthTest::testGet" tests="15" assertions="15" errors="0" failures="0" skipped="0" time="0.105389">
          <testcase name="testGet with data set &quot;Standard case&quot;" file="/home/andr/Code/php/chm-tide-reader/tests/Foundation/MonthTest.php" line="14" class="Andr\ChmTideExtractor\Tests\Foundation\MonthTest" classname="Andr.ChmTideExtractor.Tests.Foundation.MonthTest" assertions="1" time="0.008079"/>
          <testcase name="testGet with data set &quot;Lowercase&quot;" file="/home/andr/Code/php/chm-tide-reader/tests/Foundation/MonthTest.php" line="14" class="Andr\ChmTideExtractor\Tests\Foundation\MonthTest" classname="Andr.ChmTideExtractor.Tests.Foundation.MonthTest" assertions="1" time="0.006313"/>
          <testcase name="testGet with data set &quot;Uppercase&quot;" file="/home/andr/Code/php/chm-tide-reader/tests/Foundation/MonthTest.php" line="14" class="Andr\ChmTideExtractor\Tests\Foundation\MonthTest" classname="Andr.ChmTideExtractor.Tests.Foundation.MonthTest" assertions="1" time="0.006508"/>
          <testcase name="testGet with data set &quot;Without accent&quot;" file="/home/andr/Code/php/chm-tide-reader/tests/Foundation/MonthTest.php" line="14" class="Andr\ChmTideExtractor\Tests\Foundation\MonthTest" classname="Andr.ChmTideExtractor.Tests.Foundation.MonthTest" assertions="1" time="0.007602"/>
          <testcase name="testGet with data set &quot;Mixed case&quot;" file="/home/andr/Code/php/chm-tide-reader/tests/Foundation/MonthTest.php" line="14" class="Andr\ChmTideExtractor\Tests\Foundation\MonthTest" classname="Andr.ChmTideExtractor.Tests.Foundation.MonthTest" assertions="1" time="0.007485"/>
          <testcase name="testGet with data set &quot;October&quot;" file="/home/andr/Code/php/chm-tide-reader/tests/Foundation/MonthTest.php" line="14" class="Andr\ChmTideExtractor\Tests\Foundation\MonthTest" classname="Andr.ChmTideExtractor.Tests.Foundation.MonthTest" assertions="1" time="0.005647"/>
          <testcase name="testGet with data set &quot;Dezembro standard&quot;" file="/home/andr/Code/php/chm-tide-reader/tests/Foundation/MonthTest.php" line="14" class="Andr\ChmTideExtractor\Tests\Foundation\MonthTest" classname="Andr.ChmTideExtractor.Tests.Foundation.MonthTest" assertions="1" time="0.007057"/>
          <testcase name="testGet with data set &quot;Invalid month&quot;" file="/home/andr/Code/php/chm-tide-reader/tests/Foundation/MonthTest.php" line="14" class="Andr\ChmTideExtractor\Tests\Foundation\MonthTest" classname="Andr.ChmTideExtractor.Tests.Foundation.MonthTest" assertions="1" time="0.006224"/>
          <testcase name="testGet with data set &quot;Empty string&quot;" file="/home/andr/Code/php/chm-tide-reader/tests/Foundation/MonthTest.php" line="14" class="Andr\ChmTideExtractor\Tests\Foundation\MonthTest" classname="Andr.ChmTideExtractor.Tests.Foundation.MonthTest" assertions="1" time="0.008312"/>
          <testcase name="testGet with data set &quot;will get Abril?&quot;" file="/home/andr/Code/php/chm-tide-reader/tests/Foundation/MonthTest.php" line="14" class="Andr\ChmTideExtractor\Tests\Foundation\MonthTest" classname="Andr.ChmTideExtractor.Tests.Foundation.MonthTest" assertions="1" time="0.007303"/>
          <testcase name="testGet with data set &quot;will get Maio?&quot;" file="/home/andr/Code/php/chm-tide-reader/tests/Foundation/MonthTest.php" line="14" class="Andr\ChmTideExtractor\Tests\Foundation\MonthTest" classname="Andr.ChmTideExtractor.Tests.Foundation.MonthTest" assertions="1" time="0.007668"/>
          <testcase name="testGet with data set &quot;will get Junho?&quot;" file="/home/andr/Code/php/chm-tide-reader/tests/Foundation/MonthTest.php" line="14" class="Andr\ChmTideExtractor\Tests\Foundation\MonthTest" classname="Andr.ChmTideExtractor.Tests.Foundation.MonthTest" assertions="1" time="0.006309"/>
          <testcase name="testGet with data set &quot;will get Julho?&quot;" file="/home/andr/Code/php/chm-tide-reader/tests/Foundation/MonthTest.php" line="14" class="Andr\ChmTideExtractor\Tests\Foundation\MonthTest" classname="Andr.ChmTideExtractor.Tests.Foundation.MonthTest" assertions="1" time="0.007847"/>
          <testcase name="testGet with data set &quot;will get Agosto?&quot;" file="/home/andr/Code/php/chm-tide-reader/tests/Foundation/MonthTest.php" line="14" class="Andr\ChmTideExtractor\Tests\Foundation\MonthTest" classname="Andr.ChmTideExtractor.Tests.Foundation.MonthTest" assertions="1" time="0.007143"/>
          <testcase name="testGet with data set &quot;will get Novembro?&quot;" file="/home/andr/Code/php/chm-tide-reader/tests/Foundation/MonthTest.php" line="14" class="Andr\ChmTideExtractor\Tests\Foundation\MonthTest" classname="Andr.ChmTideExtractor.Tests.Foundation.MonthTest" assertions="1" time="0.005891"/>
        </testsuite>
        <testcase name="testValues" file="/home/andr/Code/php/chm-tide-reader/tests/Foundation/MonthTest.php" line="40" class="Andr\ChmTideExtractor\Tests\Foundation\MonthTest" classname="Andr.ChmTideExtractor.Tests.Foundation.MonthTest" assertions="12" time="0.006493"/>
      </testsuite>
      <testsuite name="Andr\ChmTideExtractor\Tests\Repository\LocationRepositoryTest" file="/home/andr/Code/php/chm-tide-reader/tests/Repository/LocationRepositoryTest.php" tests="3" assertions="11" errors="0" failures="0" skipped="0" time="3.347291">
        <testcase name="testInsertAndFind" file="/home/andr/Code/php/chm-tide-reader/tests/Repository/LocationRepositoryTest.php" line="20" class="Andr\ChmTideExtractor\Tests\Repository\LocationRepositoryTest" classname="Andr.ChmTideExtractor.Tests.Repository.LocationRepositoryTest" assertions="7" time="1.234840"/>
        <testcase name="testUpdate" file="/home/andr/Code/php/chm-tide-reader/tests/Repository/LocationRepositoryTest.php" line="41" class="Andr\ChmTideExtractor\Tests\Repository\LocationRepositoryTest" classname="Andr.ChmTideExtractor.Tests.Repository.LocationRepositoryTest" assertions="2" time="0.784499"/>
        <testcase name="testSaveUpsert" file="/home/andr/Code/php/chm-tide-reader/tests/Repository/LocationRepositoryTest.php" line="60" class="Andr\ChmTideExtractor\Tests\Repository\LocationRepositoryTest" classname="Andr.ChmTideExtractor.Tests.Repository.LocationRepositoryTest" assertions="2" time="1.327952"/>
      </testsuite>
      <testsuite name="Andr\ChmTideExtractor\Tests\Repository\TideRepositoryTest" file="/home/andr/Code/php/chm-tide-reader/tests/Repository/TideRepositoryTest.php" tests="5" assertions="6" errors="0" failures="0" skipped="0" time="5.790160">
        <testcase name="testSave" file="/home/andr/Code/php/chm-tide-reader/tests/Repository/TideRepositoryTest.php" line="38" class="Andr\ChmTideExtractor\Tests\Repository\TideRepositoryTest" classname="Andr.ChmTideExtractor.Tests.Repository.TideRepositoryTest" assertions="2" time="1.025407"/>
        <testcase name="testSaveCollection" file="/home/andr/Code/php/chm-tide-reader/tests/Repository/TideRepositoryTest.php" line="56" class="Andr\ChmTideExtractor\Tests\Repository\TideRepositoryTest" classname="Andr.ChmTideExtractor.Tests.Repository.TideRepositoryTest" assertions="1" time="1.117906">
          <system-out>    Saving 2 tide data: .. Done!
</system-out>
        </testcase>
        <testcase name="testSaveCollectionOnConflict" file="/home/andr/Code/php/chm-tide-reader/tests/Repository/TideRepositoryTest.php" line="69" class="Andr\ChmTideExtractor\Tests\Repository\TideRepositoryTest" classname="Andr.ChmTideExtractor.Tests.Repository.TideRepositoryTest" assertions="1" time="1.276127">
          <system-out>    Saving 1 tide data: . Done!
</system-out>
        </testcase>
        <testcase name="testSaveCollectionWithoutPreExistingTransaction" file="/home/andr/Code/php/chm-tide-reader/tests/Repository/TideRepositoryTest.php" line="89" class="Andr\ChmTideExtractor\Tests\Repository\TideRepositoryTest" classname="Andr.ChmTideExtractor.Tests.Repository.TideRepositoryTest" assertions="1" time="1.329760">
          <system-out>    Saving 1 tide data: . Done!
</system-out>
        </testcase>
        <testcase name="testSaveCollectionWithException" file="/home/andr/Code/php/chm-tide-reader/tests/Repository/TideRepositoryTest.php" line="109" class="Andr\ChmTideExtractor\Tests\Repository\TideRepositoryTest" classname="Andr.ChmTideExtractor.Tests.Repository.TideRepositoryTest" assertions="1" time="1.040960">
          <system-out>    Saving 1 tide data: </system-out>
        </testcase>
      </testsuite>
      <testsuite name="Andr\ChmTideExtractor\Tests\Service\PdfParser\LocationExtractorTest" file="/home/andr/Code/php/chm-tide-reader/tests/Service/PdfParser/LocationExtractorTest.php" tests="2" assertions="9" errors="0" failures="0" skipped="0" time="0.021027">
        <testcase name="testExtract" file="/home/andr/Code/php/chm-tide-reader/tests/Service/PdfParser/LocationExtractorTest.php" line="10" class="Andr\ChmTideExtractor\Tests\Service\PdfParser\LocationExtractorTest" classname="Andr.ChmTideExtractor.Tests.Service.PdfParser.LocationExtractorTest" assertions="5" time="0.010318"/>
        <testcase name="testExtractWithSkips" file="/home/andr/Code/php/chm-tide-reader/tests/Service/PdfParser/LocationExtractorTest.php" line="30" class="Andr\ChmTideExtractor\Tests\Service\PdfParser\LocationExtractorTest" classname="Andr.ChmTideExtractor.Tests.Service.PdfParser.LocationExtractorTest" assertions="4" time="0.010709"/>
      </testsuite>
      <testsuite name="Andr\ChmTideExtractor\Tests\Service\PdfParserTest" file="/home/andr/Code/php/chm-tide-reader/tests/Service/PdfParserTest.php" tests="16" assertions="34" errors="0" failures="0" skipped="0" time="0.333082">
        <testcase name="testExtractMarineLocationIdFromFilename" file="/home/andr/Code/php/chm-tide-reader/tests/Service/PdfParserTest.php" line="28" class="Andr\ChmTideExtractor\Tests\Service\PdfParserTest" classname="Andr.ChmTideExtractor.Tests.Service.PdfParserTest" assertions="1" time="0.037621"/>
        <testsuite name="Andr\ChmTideExtractor\Tests\Service\PdfParserTest::testDiscoverType" tests="6" assertions="8" errors="0" failures="0" skipped="0" time="0.084554">
          <testcase name="testDiscoverType with data set &quot;Location header&quot;" file="/home/andr/Code/php/chm-tide-reader/tests/Service/PdfParserTest.php" line="36" class="Andr\ChmTideExtractor\Tests\Service\PdfParserTest" classname="Andr.ChmTideExtractor.Tests.Service.PdfParserTest" assertions="2" time="0.016400"/>
          <testcase name="testDiscoverType with data set &quot;Latitude&quot;" file="/home/andr/Code/php/chm-tide-reader/tests/Service/PdfParserTest.php" line="36" class="Andr\ChmTideExtractor\Tests\Service\PdfParserTest" classname="Andr.ChmTideExtractor.Tests.Service.PdfParserTest" assertions="1" time="0.012959"/>
          <testcase name="testDiscoverType with data set &quot;Month&quot;" file="/home/andr/Code/php/chm-tide-reader/tests/Service/PdfParserTest.php" line="36" class="Andr\ChmTideExtractor\Tests\Service\PdfParserTest" classname="Andr.ChmTideExtractor.Tests.Service.PdfParserTest" assertions="1" time="0.013129"/>
          <testcase name="testDiscoverType with data set &quot;Tide data&quot;" file="/home/andr/Code/php/chm-tide-reader/tests/Service/PdfParserTest.php" line="36" class="Andr\ChmTideExtractor\Tests\Service\PdfParserTest" classname="Andr.ChmTideExtractor.Tests.Service.PdfParserTest" assertions="2" time="0.014475"/>
          <testcase name="testDiscoverType with data set &quot;Time Tide&quot;" file="/home/andr/Code/php/chm-tide-reader/tests/Service/PdfParserTest.php" line="36" class="Andr\ChmTideExtractor\Tests\Service\PdfParserTest" classname="Andr.ChmTideExtractor.Tests.Service.PdfParserTest" assertions="1" time="0.013770"/>
          <testcase name="testDiscoverType with data set &quot;Unknown&quot;" file="/home/andr/Code/php/chm-tide-reader/tests/Service/PdfParserTest.php" line="36" class="Andr\ChmTideExtractor\Tests\Service\PdfParserTest" classname="Andr.ChmTideExtractor.Tests.Service.PdfParserTest" assertions="1" time="0.013821"/>
        </testsuite>
        <testcase name="testFillLocation" file="/home/andr/Code/php/chm-tide-reader/tests/Service/PdfParserTest.php" line="60" class="Andr\ChmTideExtractor\Tests\Service\PdfParserTest" classname="Andr.ChmTideExtractor.Tests.Service.PdfParserTest" assertions="4" time="0.013958"/>
        <testcase name="testAddTidesOfTheDay" file="/home/andr/Code/php/chm-tide-reader/tests/Service/PdfParserTest.php" line="79" class="Andr\ChmTideExtractor\Tests\Service\PdfParserTest" classname="Andr.ChmTideExtractor.Tests.Service.PdfParserTest" assertions="4" time="0.013893"/>
        <testcase name="testParsePage" file="/home/andr/Code/php/chm-tide-reader/tests/Service/PdfParserTest.php" line="106" class="Andr\ChmTideExtractor\Tests\Service\PdfParserTest" classname="Andr.ChmTideExtractor.Tests.Service.PdfParserTest" assertions="2" time="0.052644"/>
        <testcase name="testGetListingFiles" file="/home/andr/Code/php/chm-tide-reader/tests/Service/PdfParserTest.php" line="128" class="Andr\ChmTideExtractor\Tests\Service\PdfParserTest" classname="Andr.ChmTideExtractor.Tests.Service.PdfParserTest" assertions="2" time="0.029284"/>
        <testcase name="testProcessFiles" file="/home/andr/Code/php/chm-tide-reader/tests/Service/PdfParserTest.php" line="150" class="Andr\ChmTideExtractor\Tests\Service\PdfParserTest" classname="Andr.ChmTideExtractor.Tests.Service.PdfParserTest" assertions="4" time="0.019207"/>
        <testcase name="testInvoke" file="/home/andr/Code/php/chm-tide-reader/tests/Service/PdfParserTest.php" line="173" class="Andr\ChmTideExtractor\Tests\Service\PdfParserTest" classname="Andr.ChmTideExtractor.Tests.Service.PdfParserTest" assertions="4" time="0.017982"/>
        <testcase name="testProcessFile" file="/home/andr/Code/php/chm-tide-reader/tests/Service/PdfParserTest.php" line="188" class="Andr\ChmTideExtractor\Tests\Service\PdfParserTest" classname="Andr.ChmTideExtractor.Tests.Service.PdfParserTest" assertions="3" time="0.037847">
          <system-out>&gt; Parsing: 123-Porto.pdf
    PORTO DE TESTE saved.

</system-out>
        </testcase>
        <testcase name="testFillLocationAlreadyFilled" file="/home/andr/Code/php/chm-tide-reader/tests/Service/PdfParserTest.php" line="209" class="Andr\ChmTideExtractor\Tests\Service\PdfParserTest" classname="Andr.ChmTideExtractor.Tests.Service.PdfParserTest" assertions="1" time="0.012243"/>
        <testcase name="testAddTidesOfTheDayNoMatch" file="/home/andr/Code/php/chm-tide-reader/tests/Service/PdfParserTest.php" line="230" class="Andr\ChmTideExtractor\Tests\Service\PdfParserTest" classname="Andr.ChmTideExtractor.Tests.Service.PdfParserTest" assertions="1" time="0.013848"/>
      </testsuite>
      <testsuite name="Andr\ChmTideExtractor\Tests\Service\TideStoreTest" file="/home/andr/Code/php/chm-tide-reader/tests/Service/TideStoreTest.php" tests="2" assertions="6" errors="0" failures="0" skipped="0" time="0.036147">
        <testcase name="testSaveLocation" file="/home/andr/Code/php/chm-tide-reader/tests/Service/TideStoreTest.php" line="25" class="Andr\ChmTideExtractor\Tests\Service\TideStoreTest" classname="Andr.ChmTideExtractor.Tests.Service.TideStoreTest" assertions="4" time="0.022532"/>
        <testcase name="testSaveLocations" file="/home/andr/Code/php/chm-tide-reader/tests/Service/TideStoreTest.php" line="41" class="Andr\ChmTideExtractor\Tests\Service\TideStoreTest" classname="Andr.ChmTideExtractor.Tests.Service.TideStoreTest" assertions="2" time="0.013616"/>
      </testsuite>
    </testsuite>
  </testsuite>
</testsuites>
